<?xml version="1.0" encoding="UTF-8"?>
<!-- Generated by org.testng.reporters.JUnitReportReporter -->
<testsuite skipped="0" hostname="DESKTOP-CL25R4D" name="testDataParametrization.TestParamsFromXMLNG" tests="2" failures="0" timestamp="2022-11-30T12:15:49 IST" time="0.018" errors="0">
  <testcase name="browserfile" time="0.015" classname="testDataParametrization.TestParamsFromXMLNG"/>
  <system-out/>
  <testcase name="browserfile" time="0.003" classname="testDataParametrization.TestParamsFromXMLNG"/>
  <system-out/>
</testsuite> <!-- testDataParametrization.TestParamsFromXMLNG -->
