<?xml version="1.0" encoding="UTF-8"?>
<!-- Generated by org.testng.reporters.JUnitReportReporter -->
<testsuite skipped="1" hostname="DESKTOP-CL25R4D" name="testCases.TestSkip" tests="1" failures="0" timestamp="2022-11-29T23:36:46 IST" time="0.013" errors="0">
  <testcase name="isSkip" time="0.013" classname="testCases.TestSkip">
    <skipped/>
  </testcase> <!-- isSkip -->
  <system-out/>
</testsuite> <!-- testCases.TestSkip -->
