<?xml version="1.0" encoding="UTF-8"?>
<!-- Generated by org.testng.reporters.JUnitReportReporter -->
<testsuite skipped="0" hostname="DESKTOP-CL25R4D" name="parallelTest.TestInvocation" tests="5" failures="0" timestamp="2022-11-30T13:10:22 IST" time="33.177" errors="0">
  <testcase name="executeTest" time="9.378" classname="parallelTest.TestInvocation"/>
  <system-out/>
  <testcase name="executeTest" time="5.812" classname="parallelTest.TestInvocation"/>
  <system-out/>
  <testcase name="executeTest" time="6.177" classname="parallelTest.TestInvocation"/>
  <system-out/>
  <testcase name="executeTest" time="5.604" classname="parallelTest.TestInvocation"/>
  <system-out/>
  <testcase name="executeTest" time="6.206" classname="parallelTest.TestInvocation"/>
  <system-out/>
</testsuite> <!-- parallelTest.TestInvocation -->
