<?xml version="1.0" encoding="UTF-8"?>
<!-- Generated by org.testng.reporters.JUnitReportReporter -->
<testsuite skipped="0" hostname="DESKTOP-CL25R4D" name="apiTestCases.SuccesAndFailureResponses" tests="2" failures="0" timestamp="2022-12-04T13:00:42 IST" time="5.988" errors="0">
  <testcase name="getUserID" time="4.490" classname="apiTestCases.SuccesAndFailureResponses"/>
  <system-out/>
  <testcase name="userRegistrationUnSuccessful" time="1.498" classname="apiTestCases.SuccesAndFailureResponses"/>
  <system-out/>
</testsuite> <!-- apiTestCases.SuccesAndFailureResponses -->
