<?xml version="1.0" encoding="UTF-8"?>
<!-- Generated by org.testng.reporters.JUnitReportReporter -->
<testsuite skipped="0" hostname="DESKTOP-CL25R4D" name="apiTestCases.PostAPI_TC1" tests="1" failures="0" timestamp="2022-12-13T12:11:20 IST" time="5.433" errors="0">
  <testcase name="userRegistrationSuccessful" time="5.433" classname="apiTestCases.PostAPI_TC1"/>
  <system-out/>
</testsuite> <!-- apiTestCases.PostAPI_TC1 -->
