<?xml version="1.0" encoding="UTF-8"?>
<!-- Generated by org.testng.reporters.JUnitReportReporter -->
<testsuite skipped="0" hostname="DESKTOP-CL25R4D" name="testDataParametrization.TestParametrization" tests="3" failures="0" timestamp="2022-11-30T00:21:47 IST" time="0.016" errors="0">
  <testcase name="doLogin" time="0.003" classname="testDataParametrization.TestParametrization"/>
  <system-out/>
  <testcase name="doLogin" time="0.002" classname="testDataParametrization.TestParametrization"/>
  <system-out/>
  <testcase name="doLogin" time="0.011" classname="testDataParametrization.TestParametrization"/>
  <system-out/>
</testsuite> <!-- testDataParametrization.TestParametrization -->
