<?xml version="1.0" encoding="UTF-8"?>
<!-- Generated by org.testng.reporters.JUnitReportReporter -->
<testsuite skipped="0" hostname="DESKTOP-CL25R4D" name="parallelTest.TestBrowserParallel" tests="2" failures="0" timestamp="2022-11-30T12:26:38 IST" time="4.094" errors="0">
  <testcase name="browserfile" time="2.046" classname="parallelTest.TestBrowserParallel"/>
  <system-out/>
  <testcase name="browserfile" time="2.048" classname="parallelTest.TestBrowserParallel"/>
  <system-out/>
</testsuite> <!-- parallelTest.TestBrowserParallel -->
