<?xml version="1.0" encoding="UTF-8"?>
<!-- Generated by org.testng.reporters.JUnitReportReporter -->
<testsuite skipped="0" hostname="DESKTOP-CL25R4D" name="regression.TestCase1NG" tests="2" failures="0" timestamp="2022-11-29T00:41:23 IST" time="0.020" errors="0">
  <testcase name="userRegistration" time="0.015" classname="regression.TestCase1NG"/>
  <system-out/>
  <testcase name="doLogin" time="0.005" classname="regression.TestCase1NG"/>
  <system-out/>
</testsuite> <!-- regression.TestCase1NG -->
