<?xml version="1.0" encoding="UTF-8"?>
<!-- Generated by org.testng.reporters.JUnitReportReporter -->
<testsuite skipped="0" hostname="DESKTOP-CL25R4D" name="restAssuredTC.TC_GetAPI" tests="1" failures="0" timestamp="2022-11-29T19:06:41 IST" time="0.015" errors="0">
  <testcase name="testGETAPI" time="0.015" classname="restAssuredTC.TC_GetAPI"/>
  <system-out/>
</testsuite> <!-- restAssuredTC.TC_GetAPI -->
