<?xml version="1.0" encoding="UTF-8"?>
<!-- Generated by org.testng.reporters.JUnitReportReporter -->
<testsuite skipped="0" hostname="DESKTOP-CL25R4D" name="testDataParametrization.TestNGExcelData" tests="1" failures="0" timestamp="2022-11-30T01:57:24 IST" time="1.160" errors="0">
  <testcase name="setupExcelWriting" time="1.160" classname="testDataParametrization.TestNGExcelData"/>
  <system-out/>
</testsuite> <!-- testDataParametrization.TestNGExcelData -->
