<?xml version="1.0" encoding="UTF-8"?>
<!-- Generated by org.testng.reporters.JUnitReportReporter -->
<testsuite skipped="0" hostname="DESKTOP-CL25R4D" name="testDataParametrization.NewLoginTest" tests="5" failures="0" timestamp="2022-11-30T11:09:26 IST" time="0.025" errors="0">
  <testcase name="get2Data" time="0.003" classname="testDataParametrization.NewLoginTest"/>
  <system-out/>
  <testcase name="get3Data" time="0.002" classname="testDataParametrization.NewLoginTest"/>
  <system-out/>
  <testcase name="get3Data" time="0.004" classname="testDataParametrization.NewLoginTest"/>
  <system-out/>
  <testcase name="get3Data" time="0.003" classname="testDataParametrization.NewLoginTest"/>
  <system-out/>
  <testcase name="get2Data" time="0.013" classname="testDataParametrization.NewLoginTest"/>
  <system-out/>
</testsuite> <!-- testDataParametrization.NewLoginTest -->
