<?xml version="1.0" encoding="UTF-8"?>
<!-- Generated by org.testng.reporters.JUnitReportReporter -->
<testsuite skipped="5" hostname="DESKTOP-CL25R4D" name="apiTestCases.JsonLocalServerRequest" tests="7" failures="0" timestamp="2022-12-04T13:49:42 IST" time="7.327" errors="0">
  <testcase name="readFileAsByteArrayAndPost_07" time="5.207" classname="apiTestCases.JsonLocalServerRequest"/>
  <system-out/>
  <testcase name="get_01" time="2.120" classname="apiTestCases.JsonLocalServerRequest"/>
  <system-out/>
  <testcase name="post_02" classname="apiTestCases.JsonLocalServerRequest">
    <skipped/>
  </testcase> <!-- post_02 -->
  <system-out/>
  <testcase name="readFileFromInputAndPost_05" classname="apiTestCases.JsonLocalServerRequest">
    <skipped/>
  </testcase> <!-- readFileFromInputAndPost_05 -->
  <system-out/>
  <testcase name="readFileAsInputStreamAndPost_06" classname="apiTestCases.JsonLocalServerRequest">
    <skipped/>
  </testcase> <!-- readFileAsInputStreamAndPost_06 -->
  <system-out/>
  <testcase name="testmyPostClass_03" classname="apiTestCases.JsonLocalServerRequest">
    <skipped/>
  </testcase> <!-- testmyPostClass_03 -->
  <system-out/>
  <testcase name="bdd_TC_04" classname="apiTestCases.JsonLocalServerRequest">
    <skipped/>
  </testcase> <!-- bdd_TC_04 -->
  <system-out/>
</testsuite> <!-- apiTestCases.JsonLocalServerRequest -->
