<?xml version="1.0" encoding="UTF-8"?>
<!-- Generated by org.testng.reporters.JUnitReportReporter -->
<testsuite skipped="0" hostname="DESKTOP-CL25R4D" name="com.rest.StaticImportsTest" tests="1" failures="0" timestamp="2022-12-15T18:06:35 IST" time="7.872" errors="0">
  <testcase name="simple_TC" time="7.872" classname="com.rest.StaticImportsTest"/>
  <system-out/>
</testsuite> <!-- com.rest.StaticImportsTest -->
