<?xml version="1.0" encoding="UTF-8"?>
<!-- Generated by org.testng.reporters.JUnitReportReporter -->
<testsuite skipped="0" hostname="DESKTOP-CL25R4D" name="com.rest.NonStaticImports" tests="1" failures="0" timestamp="2022-12-15T18:32:07 IST" time="6.636" errors="0">
  <testcase name="Test" time="6.636" classname="com.rest.NonStaticImports"/>
  <system-out/>
</testsuite> <!-- com.rest.NonStaticImports -->
