<?xml version="1.0" encoding="UTF-8"?>
<!-- Generated by org.testng.reporters.JUnitReportReporter -->
<testsuite skipped="0" hostname="DESKTOP-CL25R4D" name="completeAPITesting.CRUD" tests="1" failures="0" timestamp="2022-12-15T19:41:25 IST" time="6.612" errors="0">
  <testcase name="Test_01" time="6.612" classname="completeAPITesting.CRUD"/>
  <system-out/>
</testsuite> <!-- completeAPITesting.CRUD -->
