<?xml version="1.0" encoding="UTF-8"?>
<!-- Generated by org.testng.reporters.JUnitReportReporter -->
<testsuite skipped="0" hostname="DESKTOP-CL25R4D" name="parallelTest.TestDataProviderParallel" tests="2" failures="0" timestamp="2022-11-30T12:37:26 IST" time="4.076" errors="0">
  <testcase name="browserfile" time="2.038" classname="parallelTest.TestDataProviderParallel"/>
  <system-out/>
  <testcase name="browserfile" time="2.038" classname="parallelTest.TestDataProviderParallel"/>
  <system-out/>
</testsuite> <!-- parallelTest.TestDataProviderParallel -->
