<?xml version="1.0" encoding="UTF-8"?>
<!-- Generated by org.testng.reporters.JUnitReportReporter -->
<testsuite skipped="0" hostname="DESKTOP-CL25R4D" name="testCases.TestCase1NG" tests="2" failures="0" timestamp="2022-11-30T00:04:46 IST" time="0.023" errors="0">
  <testcase name="userRegistration" time="0.019" classname="testCases.TestCase1NG"/>
  <system-out/>
  <testcase name="doLogin" time="0.004" classname="testCases.TestCase1NG"/>
  <system-out/>
</testsuite> <!-- testCases.TestCase1NG -->
