<?xml version="1.0" encoding="UTF-8"?>
<!-- Generated by org.testng.reporters.JUnitReportReporter -->
<testsuite skipped="0" hostname="DESKTOP-CL25R4D" name="apiTestCases.GetAPI_TC1_NG" tests="7" failures="0" timestamp="2022-12-13T11:44:38 IST" time="16.176" errors="0">
  <testcase name="validateResponseStatus" time="1.456" classname="apiTestCases.GetAPI_TC1_NG"/>
  <system-out/>
  <testcase name="queryParameter" time="1.826" classname="apiTestCases.GetAPI_TC1_NG"/>
  <system-out/>
  <testcase name="validateResponseHeader" time="1.376" classname="apiTestCases.GetAPI_TC1_NG"/>
  <system-out/>
  <testcase name="displayAllNodesInAPI" time="7.212" classname="apiTestCases.GetAPI_TC1_NG"/>
  <system-out/>
  <testcase name="readJsonBody" time="1.498" classname="apiTestCases.GetAPI_TC1_NG"/>
  <system-out/>
  <testcase name="verifybooksinJsonResponse" time="1.407" classname="apiTestCases.GetAPI_TC1_NG"/>
  <system-out/>
  <testcase name="testGetAPI" time="1.401" classname="apiTestCases.GetAPI_TC1_NG"/>
  <system-out/>
</testsuite> <!-- apiTestCases.GetAPI_TC1_NG -->
